0 info it worked if it ends with ok
1 verbose cli [ 'C:\\Program Files (x86)\\nodejs\\\\node.exe',
1 verbose cli   'C:\\Program Files (x86)\\nodejs\\node_modules\\npm\\bin\\npm-cli.js',
1 verbose cli   'install',
1 verbose cli   'volt' ]
2 info using npm@1.4.9
3 info using node@v0.10.28
4 verbose node symlink C:\Program Files (x86)\nodejs\\node.exe
5 warn package.json polymer@0.4.1 No repository field.
6 verbose cache add [ 'volt', null ]
7 verbose cache add name=undefined spec="volt" args=["volt",null]
8 verbose parsed url { protocol: null,
8 verbose parsed url   slashes: null,
8 verbose parsed url   auth: null,
8 verbose parsed url   host: null,
8 verbose parsed url   port: null,
8 verbose parsed url   hostname: null,
8 verbose parsed url   hash: null,
8 verbose parsed url   search: null,
8 verbose parsed url   query: null,
8 verbose parsed url   pathname: 'volt',
8 verbose parsed url   path: 'volt',
8 verbose parsed url   href: 'volt' }
9 silly lockFile 2f95ee30-volt volt
10 verbose lock volt C:\Users\Mohammed Shah\AppData\Roaming\npm-cache\2f95ee30-volt.lock
11 silly lockFile 2f95ee30-volt volt
12 silly lockFile 2f95ee30-volt volt
13 verbose addNamed [ 'volt', '' ]
14 verbose addNamed [ null, '*' ]
15 silly lockFile 4644936d-volt volt@
16 verbose lock volt@ C:\Users\Mohammed Shah\AppData\Roaming\npm-cache\4644936d-volt.lock
17 silly addNameRange { name: 'volt', range: '*', hasData: false }
18 verbose url raw volt
19 verbose url resolving [ 'https://registry.npmjs.org/', './volt' ]
20 verbose url resolved https://registry.npmjs.org/volt
21 info trying registry request attempt 1 at 21:39:41
22 http GET https://registry.npmjs.org/volt
23 http 404 https://registry.npmjs.org/volt
24 verbose headers { date: 'Thu, 19 Feb 2015 21:39:43 GMT',
24 verbose headers   server: 'CouchDB/1.5.0 (Erlang OTP/R16B03)',
24 verbose headers   'content-type': 'application/json',
24 verbose headers   'cache-control': 'max-age=0',
24 verbose headers   'content-length': '52',
24 verbose headers   'accept-ranges': 'bytes',
24 verbose headers   via: '1.1 varnish',
24 verbose headers   age: '0',
24 verbose headers   'x-served-by': 'cache-lhr6326-LHR',
24 verbose headers   'x-cache': 'MISS',
24 verbose headers   'x-cache-hits': '0',
24 verbose headers   'x-timer': 'S1424381983.236543,VS0,VE155',
24 verbose headers   'keep-alive': 'timeout=10, max=50',
24 verbose headers   connection: 'Keep-Alive' }
25 silly registry.get cb [ 404,
25 silly registry.get   { date: 'Thu, 19 Feb 2015 21:39:43 GMT',
25 silly registry.get     server: 'CouchDB/1.5.0 (Erlang OTP/R16B03)',
25 silly registry.get     'content-type': 'application/json',
25 silly registry.get     'cache-control': 'max-age=0',
25 silly registry.get     'content-length': '52',
25 silly registry.get     'accept-ranges': 'bytes',
25 silly registry.get     via: '1.1 varnish',
25 silly registry.get     age: '0',
25 silly registry.get     'x-served-by': 'cache-lhr6326-LHR',
25 silly registry.get     'x-cache': 'MISS',
25 silly registry.get     'x-cache-hits': '0',
25 silly registry.get     'x-timer': 'S1424381983.236543,VS0,VE155',
25 silly registry.get     'keep-alive': 'timeout=10, max=50',
25 silly registry.get     connection: 'Keep-Alive' } ]
26 silly lockFile 4644936d-volt volt@
27 silly lockFile 4644936d-volt volt@
28 error 404 404 Not Found: volt
28 error 404
28 error 404 'volt' is not in the npm registry.
28 error 404 You should bug the author to publish it
28 error 404
28 error 404 Note that you can also install from a
28 error 404 tarball, folder, or http url, or git url.
29 error System Windows_NT 6.2.9200
30 error command "C:\\Program Files (x86)\\nodejs\\\\node.exe" "C:\\Program Files (x86)\\nodejs\\node_modules\\npm\\bin\\npm-cli.js" "install" "volt"
31 error cwd C:\Users\Mohammed Shah\Documents\GitHub\Talen
32 error node -v v0.10.28
33 error npm -v 1.4.9
34 error code E404
35 verbose exit [ 1, true ]
